<?xml version="1.0" encoding="UTF-8"?>
<!-- Generated by org.testng.reporters.JUnitReportReporter -->
<testsuite hostname="LAPTOP-5KMFOFH9" failures="0" tests="2" name="testngDemo.TestDemo1" time="0.003" errors="0" timestamp="2024-03-10T22:03:34 IST" skipped="0">
  <testcase classname="testngDemo.TestDemo1" name="testcase2" time="0.002"/>
  <system-out/>
  <testcase classname="testngDemo.TestDemo1" name="testcase1" time="0.001"/>
  <system-out/>
</testsuite> <!-- testngDemo.TestDemo1 -->
