<?xml version="1.0" encoding="UTF-8"?>
<!-- Generated by org.testng.reporters.JUnitReportReporter -->
<testsuite hostname="LAPTOP-5KMFOFH9" failures="0" tests="1" name="testngDemo.PropertiesFileDataRead" time="0.010" errors="0" timestamp="2024-03-17T20:08:23 IST" skipped="0">
  <testcase classname="testngDemo.PropertiesFileDataRead" name="fileRead" time="0.010"/>
  <system-out/>
</testsuite> <!-- testngDemo.PropertiesFileDataRead -->
