<?xml version="1.0" encoding="UTF-8"?>
<!-- Generated by org.testng.reporters.JUnitReportReporter -->
<testsuite hostname="LAPTOP-5KMFOFH9" failures="0" tests="3" name="testngDemo.TestDemo2" time="11.104" errors="0" timestamp="2024-03-10T22:03:34 IST" skipped="0">
  <testcase classname="testngDemo.TestDemo2" name="chromeTest" time="2.944"/>
  <system-out/>
  <testcase classname="testngDemo.TestDemo2" name="firefoxTest" time="3.609"/>
  <system-out/>
  <testcase classname="testngDemo.TestDemo2" name="edgeTest" time="4.551"/>
  <system-out/>
</testsuite> <!-- testngDemo.TestDemo2 -->
