<?xml version="1.0" encoding="UTF-8"?>
<!-- Generated by org.testng.reporters.JUnitReportReporter -->
<testsuite hostname="LAPTOP-5KMFOFH9" failures="0" tests="1" name="com.SwagLabs.TestCases.CheckOutPageTest" time="0.368" errors="0" timestamp="2024-03-17T19:16:16 IST" skipped="0">
  <testcase classname="com.SwagLabs.TestCases.CheckOutPageTest" name="verfiyCheckOut" time="0.368"/>
  <system-out/>
</testsuite> <!-- com.SwagLabs.TestCases.CheckOutPageTest -->
