<?xml version="1.0" encoding="UTF-8"?>
<!-- Generated by org.testng.reporters.JUnitReportReporter -->
<testsuite hostname="LAPTOP-5KMFOFH9" failures="0" tests="6" name="testngDemo.TestDemo3" time="0.017" errors="0" timestamp="2024-03-10T22:03:34 IST" skipped="0">
  <testcase classname="testngDemo.TestDemo3" name="registerTest" time="0.010"/>
  <system-out/>
  <testcase classname="testngDemo.TestDemo3" name="loginTest" time="0.001"/>
  <system-out/>
  <testcase classname="testngDemo.TestDemo3" name="loginTest" time="0.001"/>
  <system-out/>
  <testcase classname="testngDemo.TestDemo3" name="loginTest" time="0.002"/>
  <system-out/>
  <testcase classname="testngDemo.TestDemo3" name="searchTest" time="0.002"/>
  <system-out/>
  <testcase classname="testngDemo.TestDemo3" name="addToCartTest" time="0.001"/>
  <system-out/>
</testsuite> <!-- testngDemo.TestDemo3 -->
