<?xml version="1.0" encoding="UTF-8"?>
<!-- Generated by org.testng.reporters.JUnitReportReporter -->
<testsuite hostname="LAPTOP-5KMFOFH9" failures="0" tests="1" name="testngDemo.DataPAssingUsingXml" time="0.008" errors="0" timestamp="2024-03-17T19:43:33 IST" skipped="0">
  <testcase classname="testngDemo.DataPAssingUsingXml" name="loginTest" time="0.008"/>
  <system-out/>
</testsuite> <!-- testngDemo.DataPAssingUsingXml -->
