<?xml version="1.0" encoding="UTF-8"?>
<!-- Generated by org.testng.reporters.JUnitReportReporter -->
<testsuite hostname="LAPTOP-5KMFOFH9" failures="0" tests="1" name="testngDemo.TimeOutArgument" time="3.014" errors="0" timestamp="2024-03-10T22:03:34 IST" skipped="0">
  <testcase classname="testngDemo.TimeOutArgument" name="testCase1" time="3.014"/>
  <system-out/>
</testsuite> <!-- testngDemo.TimeOutArgument -->
