<?xml version="1.0" encoding="UTF-8"?>
<!-- Generated by org.testng.reporters.JUnitReportReporter -->
<testsuite hostname="LAPTOP-5KMFOFH9" failures="0" tests="3" name="parallelTest.ParallelTestDemo" time="15.004" errors="0" timestamp="2024-03-17T21:51:15 IST" skipped="0">
  <testcase classname="parallelTest.ParallelTestDemo" name="chromeTest" time="3.861"/>
  <system-out/>
  <testcase classname="parallelTest.ParallelTestDemo" name="firefoxTest" time="5.265"/>
  <system-out/>
  <testcase classname="parallelTest.ParallelTestDemo" name="edgeTest" time="5.878"/>
  <system-out/>
</testsuite> <!-- parallelTest.ParallelTestDemo -->
