<?xml version="1.0" encoding="UTF-8"?>
<!-- Generated by org.testng.reporters.JUnitReportReporter -->
<testsuite hostname="LAPTOP-5KMFOFH9" failures="0" tests="3" name="testngDemo.GroupingDemo" time="0.013" errors="0" timestamp="2024-03-10T22:24:52 IST" skipped="0">
  <testcase classname="testngDemo.GroupingDemo" name="openApplication" time="0.010"/>
  <system-out/>
  <testcase classname="testngDemo.GroupingDemo" name="loginTest" time="0.001"/>
  <system-out/>
  <testcase classname="testngDemo.GroupingDemo" name="logoutTest" time="0.002"/>
  <system-out/>
</testsuite> <!-- testngDemo.GroupingDemo -->
