<?xml version="1.0" encoding="UTF-8"?>
<!-- Generated by org.testng.reporters.JUnitReportReporter -->
<testsuite hostname="LAPTOP-5KMFOFH9" failures="0" tests="1" name="extentReport.ExtentSimpleReport" time="0.584" errors="0" timestamp="2024-03-23T19:32:21 IST" skipped="0">
  <testcase classname="extentReport.ExtentSimpleReport" name="testReport" time="0.584"/>
  <system-out/>
</testsuite> <!-- extentReport.ExtentSimpleReport -->
