<?xml version="1.0" encoding="UTF-8"?>
<!-- Generated by org.testng.reporters.JUnitReportReporter -->
<testsuite hostname="LAPTOP-5KMFOFH9" failures="0" tests="3" name="testngDemo.HowToIgnoreTestFromExecution" time="0.013" errors="0" timestamp="2024-03-10T22:10:41 IST" skipped="1">
  <testcase classname="testngDemo.HowToIgnoreTestFromExecution" name="registerTest" time="0.011"/>
  <system-out/>
  <testcase classname="testngDemo.HowToIgnoreTestFromExecution" name="searchTest" time="0.002"/>
  <system-out/>
  <testcase classname="testngDemo.HowToIgnoreTestFromExecution" name="addToCartTest">
    <skipped/>
  </testcase> <!-- addToCartTest -->
  <system-out/>
</testsuite> <!-- testngDemo.HowToIgnoreTestFromExecution -->
