<?xml version="1.0" encoding="UTF-8"?>
<!-- Generated by org.testng.reporters.JUnitReportReporter -->
<testsuite hostname="LAPTOP-5KMFOFH9" failures="0" tests="3" name="com.SwagLabs.TestCases.LoginPageTest" time="0.378" errors="0" timestamp="2024-03-16T21:49:34 IST" skipped="0">
  <testcase classname="com.SwagLabs.TestCases.LoginPageTest" name="verifyURL" time="0.021"/>
  <system-out/>
  <testcase classname="com.SwagLabs.TestCases.LoginPageTest" name="verifyTitle" time="0.011"/>
  <system-out/>
  <testcase classname="com.SwagLabs.TestCases.LoginPageTest" name="verifyLogin" time="0.346"/>
  <system-out/>
</testsuite> <!-- com.SwagLabs.TestCases.LoginPageTest -->
