<?xml version="1.0" encoding="UTF-8"?>
<!-- Generated by org.testng.reporters.JUnitReportReporter -->
<testsuite hostname="LAPTOP-5KMFOFH9" failures="0" tests="3" name="parallelTest.CrossBrowserTest" time="19.071" errors="0" timestamp="2024-03-17T22:03:29 IST" skipped="0">
  <testcase classname="parallelTest.CrossBrowserTest" name="browserTest" time="6.525"/>
  <system-out/>
  <testcase classname="parallelTest.CrossBrowserTest" name="browserTest" time="6.371"/>
  <system-out/>
  <testcase classname="parallelTest.CrossBrowserTest" name="browserTest" time="6.175"/>
  <system-out/>
</testsuite> <!-- parallelTest.CrossBrowserTest -->
