<?xml version="1.0" encoding="UTF-8"?>
<!-- Generated by org.testng.reporters.JUnitReportReporter -->
<testsuite hostname="LAPTOP-5KMFOFH9" failures="0" tests="3" name="testngDemo.CRMannotationScenario" time="2.016" errors="0" timestamp="2024-03-16T19:48:32 IST" skipped="0">
  <testcase classname="testngDemo.CRMannotationScenario" name="verifySignINLink" time="0.838"/>
  <system-out/>
  <testcase classname="testngDemo.CRMannotationScenario" name="verifySignIn" time="0.733"/>
  <system-out/>
  <testcase classname="testngDemo.CRMannotationScenario" name="verifySingOut" time="0.445"/>
  <system-out/>
</testsuite> <!-- testngDemo.CRMannotationScenario -->
